<?xml version="1.0" encoding="UTF-8"?>
<testng-results ignored="0" total="2" passed="2" failed="0" skipped="0">
  <reporter-output>
  </reporter-output>
  <suite started-at="2022-06-13T14:39:42 IST" name="Default suite" finished-at="2022-06-13T14:39:50 IST" duration-ms="7718">
    <groups>
    </groups>
    <test started-at="2022-06-13T14:39:42 IST" name="Default test" finished-at="2022-06-13T14:39:50 IST" duration-ms="7718">
      <class name="trytry.Test">
        <test-method is-config="true" signature="beforeMethod()[pri:0, instance:trytry.Test@101952da]" started-at="2022-06-13T14:39:42 IST" name="beforeMethod" finished-at="2022-06-13T14:39:46 IST" duration-ms="3653" status="PASS">
          <reporter-output>
          </reporter-output>
        </test-method> <!-- beforeMethod -->
        <test-method signature="Login1(java.lang.String,java.lang.String)[pri:0, instance:trytry.Test@101952da]" started-at="2022-06-13T14:39:46 IST" name="Login1" data-provider="dataset1" finished-at="2022-06-13T14:39:47 IST" duration-ms="1093" status="PASS">
          <params>
            <param index="0">
              <value>
                <![CDATA[uat1]]>
              </value>
            </param>
            <param index="1">
              <value>
                <![CDATA[cam!tH$dZ$]]>
              </value>
            </param>
          </params>
          <reporter-output>
          </reporter-output>
        </test-method> <!-- Login1 -->
        <test-method is-config="true" signature="afterMethod()[pri:0, instance:trytry.Test@101952da]" started-at="2022-06-13T14:39:47 IST" name="afterMethod" finished-at="2022-06-13T14:39:47 IST" duration-ms="1" status="PASS">
          <reporter-output>
          </reporter-output>
        </test-method> <!-- afterMethod -->
        <test-method is-config="true" signature="beforeMethod()[pri:0, instance:trytry.Test@101952da]" started-at="2022-06-13T14:39:47 IST" name="beforeMethod" finished-at="2022-06-13T14:39:49 IST" duration-ms="1985" status="PASS">
          <reporter-output>
          </reporter-output>
        </test-method> <!-- beforeMethod -->
        <test-method signature="Login1(java.lang.String,java.lang.String)[pri:0, instance:trytry.Test@101952da]" started-at="2022-06-13T14:39:49 IST" name="Login1" data-provider="dataset1" finished-at="2022-06-13T14:39:50 IST" duration-ms="895" status="PASS">
          <params>
            <param index="0">
              <value>
                <![CDATA[uat1]]>
              </value>
            </param>
            <param index="1">
              <value>
                <![CDATA[cam!tH$dZ$]]>
              </value>
            </param>
          </params>
          <reporter-output>
          </reporter-output>
        </test-method> <!-- Login1 -->
        <test-method is-config="true" signature="afterMethod()[pri:0, instance:trytry.Test@101952da]" started-at="2022-06-13T14:39:50 IST" name="afterMethod" finished-at="2022-06-13T14:39:50 IST" duration-ms="3" status="PASS">
          <reporter-output>
          </reporter-output>
        </test-method> <!-- afterMethod -->
      </class> <!-- trytry.Test -->
    </test> <!-- Default test -->
  </suite> <!-- Default suite -->
</testng-results>
